2024-09-07 08:52:19.070 WARNING (SyncWorker_0) [homeassistant.loader] We found a custom integration mass which has not been tested by Home Assistant. This component might cause stability problems, be sure to disable it if you experience issues with Home Assistant
2024-09-07 08:52:19.075 WARNING (SyncWorker_0) [homeassistant.loader] We found a custom integration fontawesome which has not been tested by Home Assistant. This component might cause stability problems, be sure to disable it if you experience issues with Home Assistant
2024-09-07 08:52:19.080 WARNING (SyncWorker_0) [homeassistant.loader] We found a custom integration spook which has not been tested by Home Assistant. This component might cause stability problems, be sure to disable it if you experience issues with Home Assistant
2024-09-07 08:52:19.083 WARNING (SyncWorker_0) [homeassistant.loader] We found a custom integration ble_monitor which has not been tested by Home Assistant. This component might cause stability problems, be sure to disable it if you experience issues with Home Assistant
2024-09-07 08:52:19.088 WARNING (SyncWorker_0) [homeassistant.loader] We found a custom integration hacs which has not been tested by Home Assistant. This component might cause stability problems, be sure to disable it if you experience issues with Home Assistant
2024-09-07 08:52:19.091 WARNING (SyncWorker_0) [homeassistant.loader] We found a custom integration webrtc which has not been tested by Home Assistant. This component might cause stability problems, be sure to disable it if you experience issues with Home Assistant
2024-09-07 08:52:19.095 WARNING (SyncWorker_0) [homeassistant.loader] We found a custom integration simpleicons which has not been tested by Home Assistant. This component might cause stability problems, be sure to disable it if you experience issues with Home Assistant
2024-09-07 08:52:19.099 WARNING (SyncWorker_0) [homeassistant.loader] We found a custom integration spook_inverse which has not been tested by Home Assistant. This component might cause stability problems, be sure to disable it if you experience issues with Home Assistant
2024-09-07 08:52:19.102 WARNING (SyncWorker_0) [homeassistant.loader] We found a custom integration alexa_media which has not been tested by Home Assistant. This component might cause stability problems, be sure to disable it if you experience issues with Home Assistant
2024-09-07 08:52:19.491 WARNING (MainThread) [homeassistant.helpers.translation] Failed to load integration for translation: Integration 'allowlist_external_dirs' not found.
2024-09-07 08:52:23.671 ERROR (MainThread) [homeassistant.setup] Setup failed for 'allowlist_external_dirs': Integration not found.
2024-09-07 08:52:24.520 WARNING (MainThread) [homeassistant.helpers.frame] Detected that custom integration 'fontawesome' calls hass.http.register_static_path which is deprecated because it does blocking I/O in the event loop, instead call `await hass.http.async_register_static_paths([StaticPathConfig("/fontawesome/main.js", "/config/custom_components/fontawesome/main.js", True)])`; This function will be removed in 2025.7 at custom_components/fontawesome/__init__.py, line 50: hass.http.register_static_path(, please report it to the author of the 'fontawesome' custom integration
2024-09-07 08:52:24.524 WARNING (MainThread) [homeassistant.helpers.frame] Detected that custom integration 'fontawesome' calls hass.http.register_static_path which is deprecated because it does blocking I/O in the event loop, instead call `await hass.http.async_register_static_paths([StaticPathConfig("/fontawesome/icons/brands", "/config/custom_components/fontawesome/data/brands", True)])`; This function will be removed in 2025.7 at custom_components/fontawesome/__init__.py, line 58: hass.http.register_static_path(, please report it to the author of the 'fontawesome' custom integration
2024-09-07 08:52:24.540 WARNING (ImportExecutor_0) [homeassistant.helpers.typing] HomeAssistantType was used from webrtc, this is a deprecated alias which will be removed in HA Core 2025.5. Use homeassistant.core.HomeAssistant instead, please report it to the author of the 'webrtc' custom integration
2024-09-07 08:52:24.545 WARNING (ImportExecutor_0) [homeassistant.helpers.typing] ServiceCallType was used from webrtc, this is a deprecated alias which will be removed in HA Core 2025.5. Use homeassistant.core.ServiceCall instead, please report it to the author of the 'webrtc' custom integration
2024-09-07 08:52:24.558 WARNING (MainThread) [homeassistant.helpers.frame] Detected that custom integration 'fontawesome' calls hass.http.register_static_path which is deprecated because it does blocking I/O in the event loop, instead call `await hass.http.async_register_static_paths([StaticPathConfig("/fontawesome/icons/pro", "/config/custom_icons", True)])`; This function will be removed in 2025.7 at custom_components/fontawesome/__init__.py, line 69: hass.http.register_static_path(, please report it to the author of the 'fontawesome' custom integration
2024-09-07 08:52:24.579 WARNING (MainThread) [homeassistant.helpers.frame] Detected that custom integration 'webrtc' calls hass.http.register_static_path which is deprecated because it does blocking I/O in the event loop, instead call `await hass.http.async_register_static_paths([StaticPathConfig("/webrtc/video-rtc.js", "/config/custom_components/webrtc/www/video-rtc.js", True)])`; This function will be removed in 2025.7 at custom_components/webrtc/__init__.py, line 67: hass.http.register_static_path("/webrtc/" + name, str(path / name)), please create a bug report at https://github.com/AlexxIT/WebRTC/issues
2024-09-07 08:52:24.591 WARNING (MainThread) [homeassistant.helpers.frame] Detected that custom integration 'webrtc' calls hass.http.register_static_path which is deprecated because it does blocking I/O in the event loop, instead call `await hass.http.async_register_static_paths([StaticPathConfig("/webrtc/embed", "/config/custom_components/webrtc/www/embed.html", True)])`; This function will be removed in 2025.7 at custom_components/webrtc/__init__.py, line 74: hass.http.register_static_path("/webrtc/embed", str(path / "embed.html")), please create a bug report at https://github.com/AlexxIT/WebRTC/issues
2024-09-07 08:52:30.186 ERROR (MainThread) [homeassistant.components.govee_light_local] Port 4002 already in use
2024-09-07 08:52:35.768 ERROR (MainThread) [homeassistant.components.device_tracker] Platform mobile_app does not generate unique IDs. ID A61510DC-E40E-4324-8C46-B269FD9E4882 already exists - ignoring device_tracker.sams_ipad
2024-09-07 08:52:35.796 ERROR (MainThread) [homeassistant.components.device_tracker] Platform mobile_app does not generate unique IDs. ID A61510DC-E40E-4324-8C46-B269FD9E4882 already exists - ignoring device_tracker.sams_ipad
2024-09-07 08:52:44.155 ERROR (MainThread) [homeassistant.components.govee_light_local] Port 4002 already in use
2024-09-07 08:52:54.526 ERROR (MainThread) [homeassistant.components.govee_light_local] Port 4002 already in use
2024-09-07 08:53:14.797 ERROR (MainThread) [homeassistant.components.govee_light_local] Port 4002 already in use
2024-09-07 08:53:26.551 ERROR (MainThread) [frontend.js.modern.202409060] Uncaught error from WebKit 605.1.15 on Mac OS 10.15.7
Error: Failed to execute 'define' on 'CustomElementRegistry': the name "mushroom-select" has already been used with this registry
message (node_modules/core-js/modules/web.dom-exception.stack.js:25:24)
src/scoped-custom-element-registry.js:45:10
/hacsfiles/lovelace-mushroom-better-sliders/mushroom.js:29:67
n (/hacsfiles/lovelace-mushroom-better-sliders/mushroom.js:1:964)
module code (/hacsfiles/lovelace-mushroom-better-sliders/mushroom.js:569:67)
2024-09-07 08:53:55.403 ERROR (MainThread) [homeassistant.components.govee_light_local] Port 4002 already in use
2024-09-07 08:55:15.786 ERROR (MainThread) [homeassistant.components.govee_light_local] Port 4002 already in use
2024-09-07 08:56:35.854 ERROR (MainThread) [homeassistant.components.govee_light_local] Port 4002 already in use
2024-09-07 08:57:56.311 ERROR (MainThread) [homeassistant.components.govee_light_local] Port 4002 already in use
2024-09-07 08:59:16.523 ERROR (MainThread) [homeassistant.components.govee_light_local] Port 4002 already in use
2024-09-07 09:00:36.844 ERROR (MainThread) [homeassistant.components.govee_light_local] Port 4002 already in use
2024-09-07 09:01:57.102 ERROR (MainThread) [homeassistant.components.govee_light_local] Port 4002 already in use
2024-09-07 09:03:17.489 ERROR (MainThread) [homeassistant.components.govee_light_local] Port 4002 already in use
2024-09-07 09:04:37.670 ERROR (MainThread) [homeassistant.components.govee_light_local] Port 4002 already in use
2024-09-07 09:05:58.169 ERROR (MainThread) [homeassistant.components.govee_light_local] Port 4002 already in use
2024-09-07 09:07:18.547 ERROR (MainThread) [homeassistant.components.govee_light_local] Port 4002 already in use
2024-09-07 09:08:38.851 ERROR (MainThread) [homeassistant.components.govee_light_local] Port 4002 already in use
2024-09-07 09:09:59.021 ERROR (MainThread) [homeassistant.components.govee_light_local] Port 4002 already in use
2024-09-07 09:11:19.224 ERROR (MainThread) [homeassistant.components.govee_light_local] Port 4002 already in use
2024-09-07 09:12:39.449 ERROR (MainThread) [homeassistant.components.govee_light_local] Port 4002 already in use
2024-09-07 09:13:59.712 ERROR (MainThread) [homeassistant.components.govee_light_local] Port 4002 already in use
2024-09-07 09:15:20.031 ERROR (MainThread) [homeassistant.components.govee_light_local] Port 4002 already in use
2024-09-07 09:16:40.105 ERROR (MainThread) [homeassistant.components.govee_light_local] Port 4002 already in use
2024-09-07 09:18:00.309 ERROR (MainThread) [homeassistant.components.govee_light_local] Port 4002 already in use
2024-09-07 09:19:20.739 ERROR (MainThread) [homeassistant.components.govee_light_local] Port 4002 already in use
2024-09-07 09:20:40.806 ERROR (MainThread) [homeassistant.components.govee_light_local] Port 4002 already in use
2024-09-07 09:22:00.910 ERROR (MainThread) [homeassistant.components.govee_light_local] Port 4002 already in use
2024-09-07 09:23:21.036 ERROR (MainThread) [homeassistant.components.govee_light_local] Port 4002 already in use
2024-09-07 09:24:41.457 ERROR (MainThread) [homeassistant.components.govee_light_local] Port 4002 already in use
2024-09-07 09:26:01.913 ERROR (MainThread) [homeassistant.components.govee_light_local] Port 4002 already in use
2024-09-07 09:27:21.990 ERROR (MainThread) [homeassistant.components.govee_light_local] Port 4002 already in use
2024-09-07 09:28:42.429 ERROR (MainThread) [homeassistant.components.govee_light_local] Port 4002 already in use
2024-09-07 09:30:02.817 ERROR (MainThread) [homeassistant.components.govee_light_local] Port 4002 already in use
2024-09-07 09:31:23.252 ERROR (MainThread) [homeassistant.components.govee_light_local] Port 4002 already in use
2024-09-07 09:32:43.673 ERROR (MainThread) [homeassistant.components.govee_light_local] Port 4002 already in use
2024-09-07 09:34:03.878 ERROR (MainThread) [homeassistant.components.govee_light_local] Port 4002 already in use
2024-09-07 09:35:24.044 ERROR (MainThread) [homeassistant.components.govee_light_local] Port 4002 already in use
2024-09-07 09:36:44.221 ERROR (MainThread) [homeassistant.components.govee_light_local] Port 4002 already in use
2024-09-07 09:38:04.637 ERROR (MainThread) [homeassistant.components.govee_light_local] Port 4002 already in use
2024-09-07 09:39:24.869 ERROR (MainThread) [homeassistant.components.govee_light_local] Port 4002 already in use
2024-09-07 09:40:45.325 ERROR (MainThread) [homeassistant.components.govee_light_local] Port 4002 already in use
2024-09-07 09:42:05.796 ERROR (MainThread) [homeassistant.components.govee_light_local] Port 4002 already in use
2024-09-07 09:43:26.037 ERROR (MainThread) [homeassistant.components.govee_light_local] Port 4002 already in use
2024-09-07 09:44:46.207 ERROR (MainThread) [homeassistant.components.govee_light_local] Port 4002 already in use
2024-09-07 09:46:06.702 ERROR (MainThread) [homeassistant.components.govee_light_local] Port 4002 already in use
2024-09-07 09:47:27.031 ERROR (MainThread) [homeassistant.components.govee_light_local] Port 4002 already in use
2024-09-07 09:48:47.187 ERROR (MainThread) [homeassistant.components.govee_light_local] Port 4002 already in use
2024-09-07 09:50:07.269 ERROR (MainThread) [homeassistant.components.govee_light_local] Port 4002 already in use
2024-09-07 09:51:27.497 ERROR (MainThread) [homeassistant.components.govee_light_local] Port 4002 already in use
2024-09-07 09:52:47.946 ERROR (MainThread) [homeassistant.components.govee_light_local] Port 4002 already in use
2024-09-07 09:54:08.411 ERROR (MainThread) [homeassistant.components.govee_light_local] Port 4002 already in use
2024-09-07 09:55:28.593 ERROR (MainThread) [homeassistant.components.govee_light_local] Port 4002 already in use
2024-09-07 09:56:49.002 ERROR (MainThread) [homeassistant.components.govee_light_local] Port 4002 already in use
2024-09-07 09:58:09.098 ERROR (MainThread) [homeassistant.components.govee_light_local] Port 4002 already in use
2024-09-07 09:59:29.584 ERROR (MainThread) [homeassistant.components.govee_light_local] Port 4002 already in use
2024-09-07 10:00:49.813 ERROR (MainThread) [homeassistant.components.govee_light_local] Port 4002 already in use
2024-09-07 10:02:10.186 ERROR (MainThread) [homeassistant.components.govee_light_local] Port 4002 already in use
2024-09-07 10:03:30.551 ERROR (MainThread) [homeassistant.components.govee_light_local] Port 4002 already in use
2024-09-07 10:04:50.713 ERROR (MainThread) [homeassistant.components.govee_light_local] Port 4002 already in use
2024-09-07 10:06:11.162 ERROR (MainThread) [homeassistant.components.govee_light_local] Port 4002 already in use
2024-09-07 10:07:31.387 ERROR (MainThread) [homeassistant.components.govee_light_local] Port 4002 already in use
2024-09-07 10:08:51.634 ERROR (MainThread) [homeassistant.components.govee_light_local] Port 4002 already in use
2024-09-07 10:10:12.073 ERROR (MainThread) [homeassistant.components.govee_light_local] Port 4002 already in use
2024-09-07 10:11:32.461 ERROR (MainThread) [homeassistant.components.govee_light_local] Port 4002 already in use
2024-09-07 10:12:52.876 ERROR (MainThread) [homeassistant.components.govee_light_local] Port 4002 already in use
2024-09-07 10:14:13.146 ERROR (MainThread) [homeassistant.components.govee_light_local] Port 4002 already in use
2024-09-07 10:15:33.328 ERROR (MainThread) [homeassistant.components.govee_light_local] Port 4002 already in use
2024-09-07 10:16:53.607 ERROR (MainThread) [homeassistant.components.govee_light_local] Port 4002 already in use
2024-09-07 10:18:13.684 ERROR (MainThread) [homeassistant.components.govee_light_local] Port 4002 already in use
2024-09-07 10:19:33.905 ERROR (MainThread) [homeassistant.components.govee_light_local] Port 4002 already in use
2024-09-07 10:20:54.023 ERROR (MainThread) [homeassistant.components.govee_light_local] Port 4002 already in use
2024-09-07 10:22:14.225 ERROR (MainThread) [homeassistant.components.govee_light_local] Port 4002 already in use
2024-09-07 10:23:34.576 ERROR (MainThread) [homeassistant.components.govee_light_local] Port 4002 already in use
2024-09-07 10:24:54.796 ERROR (MainThread) [homeassistant.components.govee_light_local] Port 4002 already in use
2024-09-07 10:26:14.999 ERROR (MainThread) [homeassistant.components.govee_light_local] Port 4002 already in use
2024-09-07 10:27:35.183 ERROR (MainThread) [homeassistant.components.govee_light_local] Port 4002 already in use
2024-09-07 10:28:55.405 ERROR (MainThread) [homeassistant.components.govee_light_local] Port 4002 already in use
2024-09-07 10:30:15.790 ERROR (MainThread) [homeassistant.components.govee_light_local] Port 4002 already in use
2024-09-07 10:31:36.258 ERROR (MainThread) [homeassistant.components.govee_light_local] Port 4002 already in use
2024-09-07 10:32:56.508 ERROR (MainThread) [homeassistant.components.govee_light_local] Port 4002 already in use
2024-09-07 10:34:16.914 ERROR (MainThread) [homeassistant.components.govee_light_local] Port 4002 already in use
2024-09-07 10:35:37.185 ERROR (MainThread) [homeassistant.components.govee_light_local] Port 4002 already in use
2024-09-07 10:36:57.326 ERROR (MainThread) [homeassistant.components.govee_light_local] Port 4002 already in use
2024-09-07 10:38:17.473 ERROR (MainThread) [homeassistant.components.govee_light_local] Port 4002 already in use
2024-09-07 10:39:37.568 ERROR (MainThread) [homeassistant.components.govee_light_local] Port 4002 already in use
2024-09-07 10:40:57.895 ERROR (MainThread) [homeassistant.components.govee_light_local] Port 4002 already in use
2024-09-07 10:42:18.370 ERROR (MainThread) [homeassistant.components.govee_light_local] Port 4002 already in use
2024-09-07 10:43:38.735 ERROR (MainThread) [homeassistant.components.govee_light_local] Port 4002 already in use
2024-09-07 10:44:58.861 ERROR (MainThread) [homeassistant.components.govee_light_local] Port 4002 already in use
2024-09-07 10:46:19.229 ERROR (MainThread) [homeassistant.components.govee_light_local] Port 4002 already in use
2024-09-07 10:47:39.282 ERROR (MainThread) [homeassistant.components.govee_light_local] Port 4002 already in use
2024-09-07 10:48:59.438 ERROR (MainThread) [homeassistant.components.govee_light_local] Port 4002 already in use
2024-09-07 10:50:19.777 ERROR (MainThread) [homeassistant.components.govee_light_local] Port 4002 already in use
2024-09-07 10:51:40.040 ERROR (MainThread) [homeassistant.components.govee_light_local] Port 4002 already in use
2024-09-07 10:53:00.171 ERROR (MainThread) [homeassistant.components.govee_light_local] Port 4002 already in use
2024-09-07 10:54:20.623 ERROR (MainThread) [homeassistant.components.govee_light_local] Port 4002 already in use
2024-09-07 10:55:40.849 ERROR (MainThread) [homeassistant.components.govee_light_local] Port 4002 already in use
2024-09-07 10:57:01.096 ERROR (MainThread) [homeassistant.components.govee_light_local] Port 4002 already in use
2024-09-07 10:58:21.369 ERROR (MainThread) [homeassistant.components.govee_light_local] Port 4002 already in use
2024-09-07 10:59:41.769 ERROR (MainThread) [homeassistant.components.govee_light_local] Port 4002 already in use
2024-09-07 11:01:02.059 ERROR (MainThread) [homeassistant.components.govee_light_local] Port 4002 already in use
2024-09-07 11:02:22.554 ERROR (MainThread) [homeassistant.components.govee_light_local] Port 4002 already in use
2024-09-07 11:03:42.926 ERROR (MainThread) [homeassistant.components.govee_light_local] Port 4002 already in use
2024-09-07 11:05:03.309 ERROR (MainThread) [homeassistant.components.govee_light_local] Port 4002 already in use
2024-09-07 11:06:23.699 ERROR (MainThread) [homeassistant.components.govee_light_local] Port 4002 already in use
2024-09-07 11:07:43.762 ERROR (MainThread) [homeassistant.components.govee_light_local] Port 4002 already in use
2024-09-07 11:09:04.202 ERROR (MainThread) [homeassistant.components.govee_light_local] Port 4002 already in use
2024-09-07 11:10:24.355 ERROR (MainThread) [homeassistant.components.govee_light_local] Port 4002 already in use
2024-09-07 11:11:44.595 ERROR (MainThread) [homeassistant.components.govee_light_local] Port 4002 already in use
2024-09-07 11:13:04.756 ERROR (MainThread) [homeassistant.components.govee_light_local] Port 4002 already in use
2024-09-07 11:14:24.931 ERROR (MainThread) [homeassistant.components.govee_light_local] Port 4002 already in use
2024-09-07 11:15:45.224 ERROR (MainThread) [homeassistant.components.govee_light_local] Port 4002 already in use
2024-09-07 11:17:05.458 ERROR (MainThread) [homeassistant.components.govee_light_local] Port 4002 already in use
2024-09-07 11:18:25.679 ERROR (MainThread) [homeassistant.components.govee_light_local] Port 4002 already in use
2024-09-07 11:19:45.790 ERROR (MainThread) [homeassistant.components.govee_light_local] Port 4002 already in use
2024-09-07 11:21:06.144 ERROR (MainThread) [homeassistant.components.govee_light_local] Port 4002 already in use
2024-09-07 11:22:26.231 ERROR (MainThread) [homeassistant.components.govee_light_local] Port 4002 already in use
2024-09-07 11:23:46.651 ERROR (MainThread) [homeassistant.components.govee_light_local] Port 4002 already in use
2024-09-07 11:25:06.846 ERROR (MainThread) [homeassistant.components.govee_light_local] Port 4002 already in use
2024-09-07 11:26:27.289 ERROR (MainThread) [homeassistant.components.govee_light_local] Port 4002 already in use
2024-09-07 11:27:47.714 ERROR (MainThread) [homeassistant.components.govee_light_local] Port 4002 already in use
2024-09-07 11:29:08.208 ERROR (MainThread) [homeassistant.components.govee_light_local] Port 4002 already in use
2024-09-07 11:30:28.374 ERROR (MainThread) [homeassistant.components.govee_light_local] Port 4002 already in use
2024-09-07 11:31:48.449 ERROR (MainThread) [homeassistant.components.govee_light_local] Port 4002 already in use
2024-09-07 11:33:08.779 ERROR (MainThread) [homeassistant.components.govee_light_local] Port 4002 already in use
2024-09-07 11:34:29.163 ERROR (MainThread) [homeassistant.components.govee_light_local] Port 4002 already in use
2024-09-07 11:35:49.393 ERROR (MainThread) [homeassistant.components.govee_light_local] Port 4002 already in use
2024-09-07 11:37:09.482 ERROR (MainThread) [homeassistant.components.govee_light_local] Port 4002 already in use
2024-09-07 11:38:29.955 ERROR (MainThread) [homeassistant.components.govee_light_local] Port 4002 already in use
2024-09-07 11:39:50.363 ERROR (MainThread) [homeassistant.components.govee_light_local] Port 4002 already in use
2024-09-07 11:41:10.729 ERROR (MainThread) [homeassistant.components.govee_light_local] Port 4002 already in use
2024-09-07 11:42:30.821 ERROR (MainThread) [homeassistant.components.govee_light_local] Port 4002 already in use
2024-09-07 11:43:51.017 ERROR (MainThread) [homeassistant.components.govee_light_local] Port 4002 already in use
2024-09-07 11:45:11.358 ERROR (MainThread) [homeassistant.components.govee_light_local] Port 4002 already in use
2024-09-07 11:46:31.434 ERROR (MainThread) [homeassistant.components.govee_light_local] Port 4002 already in use
2024-09-07 11:47:51.914 ERROR (MainThread) [homeassistant.components.govee_light_local] Port 4002 already in use
2024-09-07 11:49:12.142 ERROR (MainThread) [homeassistant.components.govee_light_local] Port 4002 already in use
2024-09-07 11:50:32.397 ERROR (MainThread) [homeassistant.components.govee_light_local] Port 4002 already in use
2024-09-07 11:51:52.809 ERROR (MainThread) [homeassistant.components.govee_light_local] Port 4002 already in use
2024-09-07 11:53:12.866 ERROR (MainThread) [homeassistant.components.govee_light_local] Port 4002 already in use
2024-09-07 11:54:32.982 ERROR (MainThread) [homeassistant.components.govee_light_local] Port 4002 already in use
2024-09-07 11:55:53.313 ERROR (MainThread) [homeassistant.components.govee_light_local] Port 4002 already in use
2024-09-07 11:57:13.510 ERROR (MainThread) [homeassistant.components.govee_light_local] Port 4002 already in use
2024-09-07 11:58:33.892 ERROR (MainThread) [homeassistant.components.govee_light_local] Port 4002 already in use
2024-09-07 11:59:54.248 ERROR (MainThread) [homeassistant.components.govee_light_local] Port 4002 already in use
2024-09-07 12:01:14.633 ERROR (MainThread) [homeassistant.components.govee_light_local] Port 4002 already in use
2024-09-07 12:02:34.805 ERROR (MainThread) [homeassistant.components.govee_light_local] Port 4002 already in use
2024-09-07 12:03:54.880 ERROR (MainThread) [homeassistant.components.govee_light_local] Port 4002 already in use
2024-09-07 12:05:14.950 ERROR (MainThread) [homeassistant.components.govee_light_local] Port 4002 already in use
2024-09-07 12:06:35.151 ERROR (MainThread) [homeassistant.components.govee_light_local] Port 4002 already in use
2024-09-07 12:07:55.493 ERROR (MainThread) [homeassistant.components.govee_light_local] Port 4002 already in use
2024-09-07 12:09:15.662 ERROR (MainThread) [homeassistant.components.govee_light_local] Port 4002 already in use
2024-09-07 12:10:35.992 ERROR (MainThread) [homeassistant.components.govee_light_local] Port 4002 already in use
2024-09-07 12:11:56.225 ERROR (MainThread) [homeassistant.components.govee_light_local] Port 4002 already in use
2024-09-07 12:13:16.529 ERROR (MainThread) [homeassistant.components.govee_light_local] Port 4002 already in use
2024-09-07 12:14:37.014 ERROR (MainThread) [homeassistant.components.govee_light_local] Port 4002 already in use
2024-09-07 12:15:57.429 ERROR (MainThread) [homeassistant.components.govee_light_local] Port 4002 already in use
2024-09-07 12:17:17.590 ERROR (MainThread) [homeassistant.components.govee_light_local] Port 4002 already in use
2024-09-07 12:18:37.655 ERROR (MainThread) [homeassistant.components.govee_light_local] Port 4002 already in use
2024-09-07 12:19:58.002 ERROR (MainThread) [homeassistant.components.govee_light_local] Port 4002 already in use
2024-09-07 12:21:18.360 ERROR (MainThread) [homeassistant.components.govee_light_local] Port 4002 already in use
2024-09-07 12:22:38.847 ERROR (MainThread) [homeassistant.components.govee_light_local] Port 4002 already in use
2024-09-07 12:23:59.077 ERROR (MainThread) [homeassistant.components.govee_light_local] Port 4002 already in use
2024-09-07 12:25:19.294 ERROR (MainThread) [homeassistant.components.govee_light_local] Port 4002 already in use
2024-09-07 12:26:39.646 ERROR (MainThread) [homeassistant.components.govee_light_local] Port 4002 already in use
2024-09-07 12:28:00.096 ERROR (MainThread) [homeassistant.components.govee_light_local] Port 4002 already in use
2024-09-07 12:29:20.363 ERROR (MainThread) [homeassistant.components.blink.coordinator] Timeout fetching blink data
2024-09-07 12:29:20.509 ERROR (MainThread) [homeassistant.components.govee_light_local] Port 4002 already in use
2024-09-07 12:30:40.681 ERROR (MainThread) [homeassistant.components.govee_light_local] Port 4002 already in use
2024-09-07 12:32:00.919 ERROR (MainThread) [homeassistant.components.govee_light_local] Port 4002 already in use
2024-09-07 12:33:21.232 ERROR (MainThread) [homeassistant.components.govee_light_local] Port 4002 already in use
2024-09-07 12:34:41.444 ERROR (MainThread) [homeassistant.components.govee_light_local] Port 4002 already in use
2024-09-07 12:36:01.840 ERROR (MainThread) [homeassistant.components.govee_light_local] Port 4002 already in use
2024-09-07 12:37:22.080 ERROR (MainThread) [homeassistant.components.govee_light_local] Port 4002 already in use
2024-09-07 12:38:42.464 ERROR (MainThread) [homeassistant.components.govee_light_local] Port 4002 already in use
2024-09-07 12:40:02.904 ERROR (MainThread) [homeassistant.components.govee_light_local] Port 4002 already in use
2024-09-07 12:41:23.114 ERROR (MainThread) [homeassistant.components.govee_light_local] Port 4002 already in use
2024-09-07 12:42:43.435 ERROR (MainThread) [homeassistant.components.govee_light_local] Port 4002 already in use
2024-09-07 12:44:03.742 ERROR (MainThread) [homeassistant.components.govee_light_local] Port 4002 already in use
2024-09-07 12:45:23.836 ERROR (MainThread) [homeassistant.components.govee_light_local] Port 4002 already in use
2024-09-07 12:46:44.046 ERROR (MainThread) [homeassistant.components.govee_light_local] Port 4002 already in use
2024-09-07 12:48:04.328 ERROR (MainThread) [homeassistant.components.govee_light_local] Port 4002 already in use
2024-09-07 12:49:24.389 ERROR (MainThread) [homeassistant.components.govee_light_local] Port 4002 already in use
2024-09-07 12:50:44.509 ERROR (MainThread) [homeassistant.components.govee_light_local] Port 4002 already in use
2024-09-07 12:52:04.928 ERROR (MainThread) [homeassistant.components.govee_light_local] Port 4002 already in use
2024-09-07 12:53:25.044 ERROR (MainThread) [homeassistant.components.govee_light_local] Port 4002 already in use
2024-09-07 12:54:45.496 ERROR (MainThread) [homeassistant.components.govee_light_local] Port 4002 already in use
2024-09-07 12:56:05.752 ERROR (MainThread) [homeassistant.components.govee_light_local] Port 4002 already in use
2024-09-07 12:57:26.029 ERROR (MainThread) [homeassistant.components.govee_light_local] Port 4002 already in use
2024-09-07 12:58:46.449 ERROR (MainThread) [homeassistant.components.govee_light_local] Port 4002 already in use
2024-09-07 13:00:06.608 ERROR (MainThread) [homeassistant.components.govee_light_local] Port 4002 already in use
2024-09-07 13:01:27.109 ERROR (MainThread) [homeassistant.components.govee_light_local] Port 4002 already in use
2024-09-07 13:02:47.206 ERROR (MainThread) [homeassistant.components.govee_light_local] Port 4002 already in use
2024-09-07 13:04:07.434 ERROR (MainThread) [homeassistant.components.govee_light_local] Port 4002 already in use
2024-09-07 13:05:27.837 ERROR (MainThread) [homeassistant.components.govee_light_local] Port 4002 already in use
2024-09-07 13:06:48.135 ERROR (MainThread) [homeassistant.components.govee_light_local] Port 4002 already in use
2024-09-07 13:08:08.361 ERROR (MainThread) [homeassistant.components.govee_light_local] Port 4002 already in use
2024-09-07 13:09:28.508 ERROR (MainThread) [homeassistant.components.govee_light_local] Port 4002 already in use
2024-09-07 13:10:48.562 ERROR (MainThread) [homeassistant.components.govee_light_local] Port 4002 already in use
2024-09-07 13:12:08.792 ERROR (MainThread) [homeassistant.components.govee_light_local] Port 4002 already in use
2024-09-07 13:13:29.226 ERROR (MainThread) [homeassistant.components.govee_light_local] Port 4002 already in use
2024-09-07 13:14:49.698 ERROR (MainThread) [homeassistant.components.govee_light_local] Port 4002 already in use
2024-09-07 13:16:09.814 ERROR (MainThread) [homeassistant.components.govee_light_local] Port 4002 already in use
2024-09-07 13:17:29.886 ERROR (MainThread) [homeassistant.components.govee_light_local] Port 4002 already in use
2024-09-07 13:18:50.270 ERROR (MainThread) [homeassistant.components.govee_light_local] Port 4002 already in use
2024-09-07 13:20:10.488 ERROR (MainThread) [homeassistant.components.govee_light_local] Port 4002 already in use
2024-09-07 13:21:30.600 ERROR (MainThread) [homeassistant.components.govee_light_local] Port 4002 already in use
2024-09-07 13:22:51.104 ERROR (MainThread) [homeassistant.components.govee_light_local] Port 4002 already in use
2024-09-07 13:24:11.448 ERROR (MainThread) [homeassistant.components.govee_light_local] Port 4002 already in use
2024-09-07 13:25:31.638 ERROR (MainThread) [homeassistant.components.govee_light_local] Port 4002 already in use
2024-09-07 13:26:51.710 ERROR (MainThread) [homeassistant.components.govee_light_local] Port 4002 already in use
2024-09-07 13:28:11.825 ERROR (MainThread) [homeassistant.components.govee_light_local] Port 4002 already in use
2024-09-07 13:29:31.990 ERROR (MainThread) [homeassistant.components.govee_light_local] Port 4002 already in use
2024-09-07 13:30:52.202 ERROR (MainThread) [homeassistant.components.govee_light_local] Port 4002 already in use
2024-09-07 13:32:12.349 ERROR (MainThread) [homeassistant.components.govee_light_local] Port 4002 already in use
2024-09-07 13:33:32.531 ERROR (MainThread) [homeassistant.components.govee_light_local] Port 4002 already in use
2024-09-07 13:34:52.829 ERROR (MainThread) [homeassistant.components.govee_light_local] Port 4002 already in use
2024-09-07 13:36:12.999 ERROR (MainThread) [homeassistant.components.govee_light_local] Port 4002 already in use
2024-09-07 13:37:33.145 ERROR (MainThread) [homeassistant.components.govee_light_local] Port 4002 already in use
2024-09-07 13:38:53.447 ERROR (MainThread) [homeassistant.components.govee_light_local] Port 4002 already in use
2024-09-07 13:40:13.903 ERROR (MainThread) [homeassistant.components.govee_light_local] Port 4002 already in use
2024-09-07 13:41:33.991 ERROR (MainThread) [homeassistant.components.govee_light_local] Port 4002 already in use
2024-09-07 13:42:54.351 ERROR (MainThread) [homeassistant.components.govee_light_local] Port 4002 already in use
2024-09-07 13:44:14.497 ERROR (MainThread) [homeassistant.components.govee_light_local] Port 4002 already in use
2024-09-07 13:45:34.674 ERROR (MainThread) [homeassistant.components.govee_light_local] Port 4002 already in use
2024-09-07 13:46:55.033 ERROR (MainThread) [homeassistant.components.govee_light_local] Port 4002 already in use
2024-09-07 13:48:15.441 ERROR (MainThread) [homeassistant.components.govee_light_local] Port 4002 already in use
2024-09-07 13:49:35.611 ERROR (MainThread) [homeassistant.components.govee_light_local] Port 4002 already in use
2024-09-07 13:50:55.713 ERROR (MainThread) [homeassistant.components.govee_light_local] Port 4002 already in use
2024-09-07 13:52:16.149 ERROR (MainThread) [homeassistant.components.govee_light_local] Port 4002 already in use
2024-09-07 13:53:36.564 ERROR (MainThread) [homeassistant.components.govee_light_local] Port 4002 already in use
2024-09-07 13:54:56.620 ERROR (MainThread) [homeassistant.components.govee_light_local] Port 4002 already in use
2024-09-07 13:56:16.690 ERROR (MainThread) [homeassistant.components.govee_light_local] Port 4002 already in use
2024-09-07 13:57:36.963 ERROR (MainThread) [homeassistant.components.govee_light_local] Port 4002 already in use
2024-09-07 13:58:57.382 ERROR (MainThread) [homeassistant.components.govee_light_local] Port 4002 already in use
2024-09-07 14:00:17.755 ERROR (MainThread) [homeassistant.components.govee_light_local] Port 4002 already in use
2024-09-07 14:01:38.151 ERROR (MainThread) [homeassistant.components.govee_light_local] Port 4002 already in use
2024-09-07 14:02:58.326 ERROR (MainThread) [homeassistant.components.govee_light_local] Port 4002 already in use
2024-09-07 14:04:18.539 ERROR (MainThread) [homeassistant.components.govee_light_local] Port 4002 already in use
2024-09-07 14:05:39.033 ERROR (MainThread) [homeassistant.components.govee_light_local] Port 4002 already in use
2024-09-07 14:06:59.370 ERROR (MainThread) [homeassistant.components.govee_light_local] Port 4002 already in use
2024-09-07 14:08:19.762 ERROR (MainThread) [homeassistant.components.govee_light_local] Port 4002 already in use
2024-09-07 14:09:40.171 ERROR (MainThread) [homeassistant.components.govee_light_local] Port 4002 already in use
2024-09-07 14:11:00.580 ERROR (MainThread) [homeassistant.components.govee_light_local] Port 4002 already in use
2024-09-07 14:12:20.788 ERROR (MainThread) [homeassistant.components.govee_light_local] Port 4002 already in use
2024-09-07 14:13:40.847 ERROR (MainThread) [homeassistant.components.govee_light_local] Port 4002 already in use
2024-09-07 14:15:01.128 ERROR (MainThread) [homeassistant.components.govee_light_local] Port 4002 already in use
2024-09-07 14:16:21.325 ERROR (MainThread) [homeassistant.components.govee_light_local] Port 4002 already in use
2024-09-07 14:17:41.656 ERROR (MainThread) [homeassistant.components.govee_light_local] Port 4002 already in use
2024-09-07 14:19:01.741 ERROR (MainThread) [homeassistant.components.govee_light_local] Port 4002 already in use
2024-09-07 14:20:22.126 ERROR (MainThread) [homeassistant.components.govee_light_local] Port 4002 already in use
2024-09-07 14:21:42.568 ERROR (MainThread) [homeassistant.components.govee_light_local] Port 4002 already in use
2024-09-07 14:23:03.060 ERROR (MainThread) [homeassistant.components.govee_light_local] Port 4002 already in use
2024-09-07 14:24:23.539 ERROR (MainThread) [homeassistant.components.govee_light_local] Port 4002 already in use
2024-09-07 14:25:43.831 ERROR (MainThread) [homeassistant.components.govee_light_local] Port 4002 already in use
2024-09-07 14:27:03.969 ERROR (MainThread) [homeassistant.components.govee_light_local] Port 4002 already in use
2024-09-07 14:28:24.148 ERROR (MainThread) [homeassistant.components.govee_light_local] Port 4002 already in use
2024-09-07 14:29:44.324 ERROR (MainThread) [homeassistant.components.govee_light_local] Port 4002 already in use
2024-09-07 14:31:04.640 ERROR (MainThread) [homeassistant.components.govee_light_local] Port 4002 already in use
2024-09-07 14:32:25.073 ERROR (MainThread) [homeassistant.components.govee_light_local] Port 4002 already in use
2024-09-07 14:33:45.421 ERROR (MainThread) [homeassistant.components.govee_light_local] Port 4002 already in use
2024-09-07 14:35:05.874 ERROR (MainThread) [homeassistant.components.govee_light_local] Port 4002 already in use
2024-09-07 14:36:25.972 ERROR (MainThread) [homeassistant.components.govee_light_local] Port 4002 already in use
2024-09-07 14:37:46.029 ERROR (MainThread) [homeassistant.components.govee_light_local] Port 4002 already in use
2024-09-07 14:39:06.193 ERROR (MainThread) [homeassistant.components.govee_light_local] Port 4002 already in use
2024-09-07 14:40:26.277 ERROR (MainThread) [homeassistant.components.govee_light_local] Port 4002 already in use
2024-09-07 14:41:46.459 ERROR (MainThread) [homeassistant.components.govee_light_local] Port 4002 already in use
2024-09-07 14:43:06.636 ERROR (MainThread) [homeassistant.components.govee_light_local] Port 4002 already in use
2024-09-07 14:44:27.131 ERROR (MainThread) [homeassistant.components.govee_light_local] Port 4002 already in use
2024-09-07 14:45:47.370 ERROR (MainThread) [homeassistant.components.govee_light_local] Port 4002 already in use
2024-09-07 14:47:07.516 ERROR (MainThread) [homeassistant.components.govee_light_local] Port 4002 already in use
2024-09-07 14:48:27.819 ERROR (MainThread) [homeassistant.components.govee_light_local] Port 4002 already in use
2024-09-07 14:49:48.019 ERROR (MainThread) [homeassistant.components.govee_light_local] Port 4002 already in use
2024-09-07 14:51:08.090 ERROR (MainThread) [homeassistant.components.govee_light_local] Port 4002 already in use
2024-09-07 14:52:28.160 ERROR (MainThread) [homeassistant.components.govee_light_local] Port 4002 already in use
2024-09-07 14:53:48.323 ERROR (MainThread) [homeassistant.components.govee_light_local] Port 4002 already in use
2024-09-07 14:55:08.665 ERROR (MainThread) [homeassistant.components.govee_light_local] Port 4002 already in use
2024-09-07 14:56:28.839 ERROR (MainThread) [homeassistant.components.govee_light_local] Port 4002 already in use
2024-09-07 14:57:48.980 ERROR (MainThread) [homeassistant.components.govee_light_local] Port 4002 already in use
2024-09-07 14:59:09.044 ERROR (MainThread) [homeassistant.components.govee_light_local] Port 4002 already in use
2024-09-07 15:00:29.452 ERROR (MainThread) [homeassistant.components.govee_light_local] Port 4002 already in use
2024-09-07 15:01:30.138 ERROR (MainThread) [frontend.js.modern.202409060] Uncaught error from WebKit 605.1.15 on Mac OS 10.15.7
Error: Failed to execute 'define' on 'CustomElementRegistry': the name "mushroom-select" has already been used with this registry
message (node_modules/core-js/modules/web.dom-exception.stack.js:25:24)
src/scoped-custom-element-registry.js:45:10
/hacsfiles/lovelace-mushroom-better-sliders/mushroom.js:29:67
n (/hacsfiles/lovelace-mushroom-better-sliders/mushroom.js:1:964)
module code (/hacsfiles/lovelace-mushroom-better-sliders/mushroom.js:569:67)
2024-09-07 15:01:49.601 ERROR (MainThread) [homeassistant.components.govee_light_local] Port 4002 already in use
2024-09-07 15:03:09.657 ERROR (MainThread) [homeassistant.components.govee_light_local] Port 4002 already in use
2024-09-07 15:04:29.757 ERROR (MainThread) [homeassistant.components.govee_light_local] Port 4002 already in use
2024-09-07 15:05:50.090 ERROR (MainThread) [homeassistant.components.govee_light_local] Port 4002 already in use
2024-09-07 15:07:10.439 ERROR (MainThread) [homeassistant.components.govee_light_local] Port 4002 already in use
2024-09-07 15:08:30.603 ERROR (MainThread) [homeassistant.components.govee_light_local] Port 4002 already in use
2024-09-07 15:09:50.841 ERROR (MainThread) [homeassistant.components.govee_light_local] Port 4002 already in use
2024-09-07 15:11:10.968 ERROR (MainThread) [homeassistant.components.govee_light_local] Port 4002 already in use
2024-09-07 15:12:31.451 ERROR (MainThread) [homeassistant.components.govee_light_local] Port 4002 already in use
2024-09-07 15:13:51.579 ERROR (MainThread) [homeassistant.components.govee_light_local] Port 4002 already in use
2024-09-07 15:15:11.951 ERROR (MainThread) [homeassistant.components.govee_light_local] Port 4002 already in use
2024-09-07 15:16:32.422 ERROR (MainThread) [homeassistant.components.govee_light_local] Port 4002 already in use
