2023-07-19 17:45:22.712 [Info] > Home Assistant Version: 2023.7 Build: 2023.462 PID: 12873
2023-07-19 17:45:22.712 [Info] > XCGLogger Version: 7.0.1 - Level: Debug
2023-07-19 17:45:22.713 [Info] > XCGLogger writing log to: file:///private/var/mobile/Containers/Shared/AppGroup/2C117E6C-D18A-464F-9637-B82D375D980B/logs/Home%20Assistant.txt
2023-07-19 17:45:22.723 [Info] [webhookmanager-data] [WebhookManager.swift:763] init(identifier:delegate:delegateQueue:background:) > webhook-io.robbie.HomeAssistant initial tasks: []
2023-07-19 17:45:22.723 [Info] [webhookmanager-data] [WebhookManager.swift:763] init(identifier:delegate:delegateQueue:background:) > non-background initial tasks: []
2023-07-19 17:45:22.858 [Info] [main] [NotificationManagerLocalPushInterfaceExtension.swift:79] updateManagers() > 
2023-07-19 17:45:22.878 [Verbose] [main] [NotificationManager.swift:57] setupFirebase() > Calling UIApplication.shared.registerForRemoteNotifications()
2023-07-19 17:45:24.119 [Info] [com.apple.root.user-initiated-qos] [ModelManager.swift:152] cleanup(using:realm:) > delete ClientEvent: 5
2023-07-19 17:45:24.119 [Info] [main] [Environment.swift:71] init() > WebSocket: connecting using HAConnectionInfo(url: "http://10.0.0.220:8123", userAgent: Optional("Home Assistant/2023.7 (io.robbie.HomeAssistant; build:2023.462; iPadOS 17.0.0)"), engine: nil, evaluateCertificate: Optional((Function)))
2023-07-19 17:45:24.126 [Info] [main] [ClientEventStore.swift:8] ClientEventStore > unknown: Application Starting [:]
2023-07-19 17:45:24.127 [Info] [com.apple.root.user-initiated-qos] [RealmScene.swift:71] willDelete(objects:server:realm:) > deleting actions []
2023-07-19 17:45:24.143 [Info] [main] [ZoneManager.swift:87] log(state:) > initialize
2023-07-19 17:45:24.143 [Info] [main] [ZoneManager.swift:64] updateLocationManager(isInitial:) > started monitoring siglog changes
2023-07-19 17:45:24.164 [Info] [main] [ZoneManager.swift:191] sync(zones:) > available 1, enabled true, monitoring 1 ((beacon: 0, circular: 1, zone: 1)), started 0, ended 0
2023-07-19 17:45:24.213 [Info] [main] [HAAPI.swift:171] Connect(reason:) > running connect for cold
2023-07-19 17:45:24.230 [Verbose] [com.apple.usernotifications.UNUserNotificationServiceConnection.call-out] [AppDelegate.swift:569] setupiOS12Features() > Requested critical alert access true, nil
2023-07-19 17:45:24.406 [Info] [main] [WebViewController.swift:815] updateWebViewSettings(reason:) > updating web view settings for initial
2023-07-19 17:45:24.406 [Info] [main] [SettingsStore.swift:85] init(preference:) > disregarding zoom preference for 0
2023-07-19 17:45:24.407 [Info] [main] [WebViewController.swift:822] updateWebViewSettings(reason:) > setting view scale to 1.00
2023-07-19 17:45:24.409 [Verbose] [main] [ThemeColors.swift:49] cachedThemeColors(for:) > loaded cached colors ["--primary-color": "rgb(3, 169, 244)", "--text-primary-color": "rgb(255, 255, 255)", "--app-header-background-color": "rgb(3, 169, 244)", "--primary-background-color": "rgb(250, 250, 250)"]
2023-07-19 17:45:24.416 [Info] [main] [WebViewController.swift:655] loadActiveURLIfNeeded() > loading default url path: 
2023-07-19 17:45:24.476 [Info] [main] [WebhookManager.swift:223] sendEphemeral(server:request:) > sending to 8d33af7d7d364dfab18de8302b22ad38: WebhookRequest(type: "fire_event", data: ["event_type": "ios.finished_launching", "event_data": ["sourceDeviceID": "sams_ipad", "sourceDevicePermanentID": "3E4670A2-92D9-431B-8472-0E91CB68D426", "sourceDeviceName": "Sam’s iPad"]], localMetadata: nil)
2023-07-19 17:45:24.476 [Info] [main] [WebhookManager.swift:223] sendEphemeral(server:request:) > sending to 8d33af7d7d364dfab18de8302b22ad38: WebhookRequest(type: "update_registration", data: ["app_data": ["push_url": "https://mobile-apps.home-assistant.io/api/sendPushNotification", "push_token": "cvGDF2daKUknrCeP7uxI4e:APA91bGYaqEXsj2fWKowkBbl5ckj-GkHK5vv1UUSyLU4Vz7AfOYp-RBN-zjXDHajtdYq5gnlUTm_tUJjA99vbyq3vIv_rJ5wJoahvueaNjKQQNc9YFPDNdsf5OAjLmHSTtT_aMyt-cL7"], "manufacturer": "Apple", "os_version": "17.0", "device_name": "Sam’s iPad", "app_version": "2023.7 (2023.462)", "model": "iPad11,3"], localMetadata: nil)
2023-07-19 17:45:24.476 [Info] [main] [ZoneManager.swift:87] log(state:) > didIgnore(ZoneManagerEvent(locationChange([<+41.19953130,-112.08380784> +/- 40.00m (speed -1.00 mps / course -1.00) @ 7/16/23, 9:35:39 AM Mountain Daylight Time])), HomeAssistant.ZoneManagerIgnoreReason.locationUpdateTooOld)
2023-07-19 17:45:24.566 [Info] [main] [WebhookManager.swift:223] sendEphemeral(server:request:) > sending to 8d33af7d7d364dfab18de8302b22ad38: WebhookRequest(type: "fire_event", data: ["event_type": "ios.became_active", "event_data": ["sourceDevicePermanentID": "3E4670A2-92D9-431B-8472-0E91CB68D426", "sourceDeviceName": "Sam’s iPad", "sourceDeviceID": "sams_ipad"]], localMetadata: nil)
2023-07-19 17:45:24.576 [Verbose] [main] [NotificationManager.swift:70] didRegisterForRemoteNotifications(deviceToken:) > Successfully registered for push notifications! APNS token: 6e8e8dbb1badc2300ea7eda0a5a05b8de408d7a73f60edaec883fd620e14beaa
2023-07-19 17:45:24.598 [Info] [main] [NotificationManagerLocalPushInterfaceExtension.swift:94] updateManagers() > configuring push for Rednecks4Rainbows: [8d33af7d7d364dfab18de8302b22ad38]
2023-07-19 17:45:24.601 [Verbose] [main] [NotificationManagerLocalPushInterfaceExtension.swift:142] configure(managers:) > computed managers: [8d33af7d7d364dfab18de8302b22ad38: [<NEAppPushManager: 0x2817bad00>]]
2023-07-19 17:45:24.608 [Info] [main] [NotificationManagerLocalPushInterfaceExtension.swift:131] configure(managers:) > manager Rednecks4Rainbows is active: false
2023-07-19 17:45:24.608 [Error] [main] [ZoneManager.swift:112] perform(event:) > final error for ZoneManagerEvent(locationChange([<+41.19953130,-112.08380784> +/- 40.00m (speed -1.00 mps / course -1.00) @ 7/16/23, 9:35:39 AM Mountain Daylight Time])): locationUpdateTooOld
2023-07-19 17:45:24.609 [Info] [main] [ClientEventStore.swift:8] ClientEventStore > locationUpdate: Didn't update: location update from the past ["start_ssid": Rednecks4Rainbows, "error": locationUpdateTooOld, "event": ZoneManagerEvent(locationChange([<+41.19953130,-112.08380784> +/- 40.00m (speed -1.00 mps / course -1.00) @ 7/16/23, 9:35:39 AM Mountain Daylight Time]))]
2023-07-19 17:45:24.659 [Info] [main] [NotificationManager.swift:323] messaging(_:didReceiveRegistrationToken:) > Firebase registration token refreshed, new token: cvGDF2daKUknrCeP7uxI4e:APA91bGYaqEXsj2fWKowkBbl5ckj-GkHK5vv1UUSyLU4Vz7AfOYp-RBN-zjXDHajtdYq5gnlUTm_tUJjA99vbyq3vIv_rJ5wJoahvueaNjKQQNc9YFPDNdsf5OAjLmHSTtT_aMyt-cL7
2023-07-19 17:45:24.676 [Info] [main] [WebhookManager.swift:223] sendEphemeral(server:request:) > sending to 8d33af7d7d364dfab18de8302b22ad38: WebhookRequest(type: "update_registration", data: ["manufacturer": "Apple", "model": "iPad11,3", "app_version": "2023.7 (2023.462)", "device_name": "Sam’s iPad", "os_version": "17.0", "app_data": ["push_url": "https://mobile-apps.home-assistant.io/api/sendPushNotification", "push_token": "cvGDF2daKUknrCeP7uxI4e:APA91bGYaqEXsj2fWKowkBbl5ckj-GkHK5vv1UUSyLU4Vz7AfOYp-RBN-zjXDHajtdYq5gnlUTm_tUJjA99vbyq3vIv_rJ5wJoahvueaNjKQQNc9YFPDNdsf5OAjLmHSTtT_aMyt-cL7"]], localMetadata: nil)
2023-07-19 17:45:24.676 [Info] [main] [NotificationManagerLocalPushInterfaceExtension.swift:192] updateManager(existingManager:ssid:servers:encoder:) > manager <NEAppPushManager: 0x2817bad00> saved, error: nil
2023-07-19 17:46:00.453 [Info] [main] [Bonjour.swift:25] start() > 
2023-07-19 17:46:00.552 [Verbose] [main] [Bonjour.swift:47] netServiceBrowser(_:didFind:moreComing:) > 
2023-07-19 17:46:00.848 [Verbose] [main] [Bonjour.swift:54] netServiceDidResolveAddress(_:) > 
2023-07-19 17:46:02.741 [Verbose] [main] [OnboardingScanningViewController.swift:239] tableView(_:didSelectRowAt:) > Selected row at 0 DiscoveredHomeAssistant(uuid: Optional("8d33af7d7d364dfab18de8302b22ad38"), version: 2023.6.3, internalOrExternalURL: http://10.0.0.220:8123, externalURL: nil, internalURL: Optional(http://10.0.0.220:8123), locationName: "Home", bonjourName: Optional("Home"))
2023-07-19 17:46:02.755 [Info] [main] [OnboardingAuth.swift:80] performPreSteps(checkPoint:authDetails:sender:) > beforeAuth
2023-07-19 17:46:02.755 [Verbose] [main] [OnboardingAuthStepConnectivity.swift:25] perform(point:) > 
2023-07-19 17:46:24.127 [Error] [main] [Environment.swift:72] init() > WebSocket: Error: Optional(POSIXErrorCode(rawValue: 60): Operation timed out)
2023-07-19 17:46:24.128 [Info] [main] [Environment.swift:71] init() > WebSocket: phase transition to disconnected(error: Optional(POSIXErrorCode(rawValue: 60): Operation timed out), forReset: false)
2023-07-19 17:46:24.129 [Info] [main] [Environment.swift:71] init() > WebSocket: disconnecting; permanently: false, error: Optional(POSIXErrorCode(rawValue: 60): Operation timed out)
2023-07-19 17:46:24.129 [Info] [main] [Environment.swift:71] init() > WebSocket: phase transition to disconnected(error: nil, forReset: true)
2023-07-19 17:46:24.153 [Info] [main] [Environment.swift:71] init() > WebSocket: connecting using HAConnectionInfo(url: http://10.0.0.220:8123, userAgent: Optional("Home Assistant/2023.7 (io.robbie.HomeAssistant; build:2023.462; iPadOS 17.0.0)"), engine: nil, evaluateCertificate: Optional((Function)))
2023-07-19 17:46:25.778 [Error] [main] [WebViewController.swift:455] webView(_:didFailProvisionalNavigation:withError:) > Failure during content load: Error Domain=NSURLErrorDomain Code=-1001 "The request timed out." UserInfo={NSErrorFailingURLKey=http://10.0.0.220:8123/?external_auth=1, _NSURLErrorFailingURLSessionTaskErrorKey=LocalDataTask <E5AC0B0E-E9C7-4655-AB71-2821C9338603>.<2>, _kCFStreamErrorDomainKey=4, networkTaskMetricsPrivacyStance=Unknown, _NSURLErrorRelatedURLSessionTaskErrorKey=("LocalDataTask <E5AC0B0E-E9C7-4655-AB71-2821C9338603>.<2>"), NSLocalizedDescription=The request timed out., _WKRecoveryAttempterErrorKey=<WKReloadFrameErrorRecoveryAttempter: 0x281962da0>, networkTaskDescription=LocalDataTask <E5AC0B0E-E9C7-4655-AB71-2821C9338603>.<2>, NSErrorFailingURLStringKey=http://10.0.0.220:8123/?external_auth=1, NSUnderlyingError=0x2817dab80 {Error Domain=kCFErrorDomainCFNetwork Code=-1001 "(null)" UserInfo={_kCFStreamErrorCodeKey=-2102, _kCFStreamErrorDomainKey=4}}, _kCFStreamErrorCodeKey=-2102}
2023-07-19 17:46:25.778 [Error] [main] [WebViewController.swift:769] showSwiftMessage(error:duration:) > Error Domain=NSURLErrorDomain Code=-1001 "The request timed out." UserInfo={NSErrorFailingURLKey=http://10.0.0.220:8123/?external_auth=1, _NSURLErrorFailingURLSessionTaskErrorKey=LocalDataTask <E5AC0B0E-E9C7-4655-AB71-2821C9338603>.<2>, _kCFStreamErrorDomainKey=4, networkTaskMetricsPrivacyStance=Unknown, _NSURLErrorRelatedURLSessionTaskErrorKey=("LocalDataTask <E5AC0B0E-E9C7-4655-AB71-2821C9338603>.<2>"), NSLocalizedDescription=The request timed out., _WKRecoveryAttempterErrorKey=<WKReloadFrameErrorRecoveryAttempter: 0x281962da0>, networkTaskDescription=LocalDataTask <E5AC0B0E-E9C7-4655-AB71-2821C9338603>.<2>, NSErrorFailingURLStringKey=http://10.0.0.220:8123/?external_auth=1, NSUnderlyingError=0x2817dab80 {Error Domain=kCFErrorDomainCFNetwork Code=-1001 "(null)" UserInfo={_kCFStreamErrorCodeKey=-2102, _kCFStreamErrorDomainKey=4}}, _kCFStreamErrorCodeKey=-2102}
2023-07-19 17:46:26.789 [Info] [main] [WebhookManager.swift:223] sendEphemeral(server:request:) > sending to 8d33af7d7d364dfab18de8302b22ad38: WebhookRequest(type: "update_registration", data: ["app_data": ["push_url": "https://mobile-apps.home-assistant.io/api/sendPushNotification", "push_token": "cvGDF2daKUknrCeP7uxI4e:APA91bGYaqEXsj2fWKowkBbl5ckj-GkHK5vv1UUSyLU4Vz7AfOYp-RBN-zjXDHajtdYq5gnlUTm_tUJjA99vbyq3vIv_rJ5wJoahvueaNjKQQNc9YFPDNdsf5OAjLmHSTtT_aMyt-cL7"], "manufacturer": "Apple", "os_version": "17.0", "device_name": "Sam’s iPad", "app_version": "2023.7 (2023.462)", "model": "iPad11,3"], localMetadata: nil)
2023-07-19 17:46:26.789 [Info] [main] [WebhookManager.swift:223] sendEphemeral(server:request:) > sending to 8d33af7d7d364dfab18de8302b22ad38: WebhookRequest(type: "fire_event", data: ["event_type": "ios.became_active", "event_data": ["sourceDevicePermanentID": "3E4670A2-92D9-431B-8472-0E91CB68D426", "sourceDeviceName": "Sam’s iPad", "sourceDeviceID": "sams_ipad"]], localMetadata: nil)
2023-07-19 17:46:26.798 [Info] [main] [WebhookManager.swift:223] sendEphemeral(server:request:) > sending to 8d33af7d7d364dfab18de8302b22ad38: WebhookRequest(type: "fire_event", data: ["event_type": "ios.finished_launching", "event_data": ["sourceDeviceID": "sams_ipad", "sourceDevicePermanentID": "3E4670A2-92D9-431B-8472-0E91CB68D426", "sourceDeviceName": "Sam’s iPad"]], localMetadata: nil)
2023-07-19 17:46:26.798 [Info] [main] [WebhookManager.swift:223] sendEphemeral(server:request:) > sending to 8d33af7d7d364dfab18de8302b22ad38: WebhookRequest(type: "update_registration", data: ["manufacturer": "Apple", "model": "iPad11,3", "app_version": "2023.7 (2023.462)", "device_name": "Sam’s iPad", "os_version": "17.0", "app_data": ["push_url": "https://mobile-apps.home-assistant.io/api/sendPushNotification", "push_token": "cvGDF2daKUknrCeP7uxI4e:APA91bGYaqEXsj2fWKowkBbl5ckj-GkHK5vv1UUSyLU4Vz7AfOYp-RBN-zjXDHajtdYq5gnlUTm_tUJjA99vbyq3vIv_rJ5wJoahvueaNjKQQNc9YFPDNdsf5OAjLmHSTtT_aMyt-cL7"]], localMetadata: nil)
2023-07-19 17:47:03.151 [Info] [main] [OnboardingAuth.swift:70] perform(checkPoint:checks:) > OnboardingAuthStepConnectivity: rejected(HomeAssistant.OnboardingAuthError(kind: HomeAssistant.OnboardingAuthError.ErrorKind.other(Error Domain=NSURLErrorDomain Code=-1001 "The request timed out." UserInfo={_kCFStreamErrorCodeKey=-2102, NSUnderlyingError=0x2816431b0 {Error Domain=kCFErrorDomainCFNetwork Code=-1001 "(null)" UserInfo={_kCFStreamErrorCodeKey=-2102, _kCFStreamErrorDomainKey=4}}, _NSURLErrorFailingURLSessionTaskErrorKey=LocalDataTask <BE61D095-5C8F-4A08-A096-1FC01EDA80D9>.<1>, _NSURLErrorRelatedURLSessionTaskErrorKey=("LocalDataTask <BE61D095-5C8F-4A08-A096-1FC01EDA80D9>.<1>"), NSLocalizedDescription=The request timed out., NSErrorFailingURLStringKey=http://10.0.0.220:8123/auth/authorize?response_type=code&client_id=https://home-assistant.io/iOS&redirect_uri=homeassistant://auth-callback, NSErrorFailingURLKey=http://10.0.0.220:8123/auth/authorize?response_type=code&client_id=https://home-assistant.io/iOS&redirect_uri=homeassistant://auth-callback, _kCFStreamErrorDomainKey=4}), data: nil))
2023-07-19 17:47:03.749 [Info] [main] [Bonjour.swift:34] stop() > 
2023-07-19 17:47:15.697 [Verbose] [main] [XCGLogger+Export.swift:17] export(from:sender:openURLHandler:) > Logs directory is: file:///private/var/mobile/Containers/Shared/AppGroup/2C117E6C-D18A-464F-9637-B82D375D980B/logs/
2023-07-19 17:47:15.702 [Debug] [main] [XCGLogger+Export.swift:32] export(from:sender:openURLHandler:) > Exporting logs as filename 